[
  {
    "level": "INFO",
    "message": "android.ndkVersion from module build.gradle is not set"
  },
  {
    "level": "INFO",
    "message": "ndk.dir in local.properties is /Users/vke/Library/Android/sdk/ndk/25.1.8937393"
  },
  {
    "level": "INFO",
    "message": "ANDROID_NDK_HOME environment variable is not set"
  },
  {
    "level": "INFO",
    "message": "sdkFolder is /Users/vke/Library/Android/sdk"
  },
  {
    "level": "INFO",
    "message": "Considering /Users/vke/Library/Android/sdk/ndk/25.1.8937393 by ndk.dir"
  },
  {
    "level": "INFO",
    "message": "Considering /Users/vke/Library/Android/sdk/ndk-bundle in SDK ndk-bundle folder"
  },
  {
    "level": "INFO",
    "message": "Considering /Users/vke/Library/Android/sdk/ndk/27.0.11718014 in SDK ndk folder"
  },
  {
    "level": "INFO",
    "message": "Considering /Users/vke/Library/Android/sdk/ndk/25.1.8937393 in SDK ndk folder"
  },
  {
    "level": "INFO",
    "message": "Rejected /Users/vke/Library/Android/sdk/ndk-bundle in SDK ndk-bundle folder because that location has no source.properties"
  },
  {
    "level": "INFO",
    "message": "Rejected /Users/vke/Library/Android/sdk/ndk/27.0.11718014 in SDK ndk folder because that location has no source.properties"
  },
  {
    "level": "INFO",
    "message": "Found requested ndk.dir (/Users/vke/Library/Android/sdk/ndk/25.1.8937393) which has version 25.1.8937393"
  }
]